<?xml version="1.0" encoding="UTF-8"?>
<!-- Generated by org.testng.reporters.JUnitXMLReporter -->
<testsuite hostname="chouman" ignored="0" name="Default test" tests="9" failures="0" timestamp="2023-03-20T12:31:14 EDT" time="4.996" errors="0">
  <testcase name="testpostuser" time="2.717" classname="api.test.DDTests"/>
  <testcase name="testpostuser" time="0.092" classname="api.test.DDTests"/>
  <testcase name="testpostuser" time="0.081" classname="api.test.DDTests"/>
  <testcase name="testGetUserByName" time="0.107" classname="api.test.DDTests"/>
  <testcase name="testGetUserByName" time="0.066" classname="api.test.DDTests"/>
  <testcase name="testGetUserByName" time="0.073" classname="api.test.DDTests"/>
  <testcase name="testdeleteuserByName" time="0.067" classname="api.test.DDTests"/>
  <testcase name="testdeleteuserByName" time="0.065" classname="api.test.DDTests"/>
  <testcase name="testdeleteuserByName" time="0.062" classname="api.test.DDTests"/>
</testsuite> <!-- Default test -->
