<?xml version="1.0" encoding="UTF-8"?>
<!-- Generated by org.testng.reporters.JUnitXMLReporter -->
<testsuite hostname="chouman" ignored="0" name="PetTest" tests="4" failures="0" timestamp="2023-03-22T12:55:58 EDT" time="5.975" errors="0">
  <testcase name="testPostuser" time="3.846" classname="api.test.UserTests2"/>
  <testcase name="testgetUserByName" time="0.116" classname="api.test.UserTests2"/>
  <testcase name="testupdetuserByname" time="0.19" classname="api.test.UserTests2"/>
  <testcase name="testDeleteUserByName" time="0.079" classname="api.test.UserTests2"/>
</testsuite> <!-- PetTest -->
