<?xml version="1.0" encoding="UTF-8"?>
<!-- Generated by org.testng.reporters.JUnitXMLReporter -->
<testsuite hostname="chouman" ignored="0" name="PetTest" tests="4" failures="0" timestamp="2023-03-20T18:22:24 EDT" time="4.538" errors="0">
  <testcase name="testPostuser" time="2.787" classname="api.test.UserTests2"/>
  <testcase name="testgetUserByName" time="0.113" classname="api.test.UserTests2"/>
  <testcase name="testupdetuserByname" time="0.201" classname="api.test.UserTests2"/>
  <testcase name="testDeleteUserByName" time="0.071" classname="api.test.UserTests2"/>
</testsuite> <!-- PetTest -->
